<?xml version="1.0" encoding="utf-8"?><testsuites name="pytest tests"><testsuite name="pytest" errors="0" failures="0" skipped="0" tests="12" time="3.003" timestamp="2026-01-18T02:45:13.678633+00:00" hostname="agent-env-8bad0abd-62a3-41cd-85b3-bb8467b3b13c"><testcase classname="tests.test_gamification_career.TestAuth" name="test_admin_login" time="0.388" /><testcase classname="tests.test_gamification_career.TestGamificationBadges" name="test_get_all_badges" time="0.299" /><testcase classname="tests.test_gamification_career.TestGamificationRanking" name="test_get_ranking" time="0.305" /><testcase classname="tests.test_gamification_career.TestGamificationUser" name="test_get_user_gamification" time="0.312" /><testcase classname="tests.test_gamification_career.TestCareerLevels" name="test_get_career_levels" time="0.328" /><testcase classname="tests.test_gamification_career.TestCareerLevels" name="test_create_career_level" time="0.082" /><testcase classname="tests.test_gamification_career.TestCareerLevels" name="test_update_career_level" time="0.167" /><testcase classname="tests.test_gamification_career.TestCareerLevels" name="test_delete_career_level" time="0.139" /><testcase classname="tests.test_gamification_career.TestAwardBadge" name="test_award_badge_to_user" time="0.385" /><testcase classname="tests.test_gamification_career.TestAwardBadge" name="test_award_invalid_badge" time="0.041" /><testcase classname="tests.test_gamification_career.TestDashboardAdmin" name="test_get_dashboard" time="0.357" /><testcase classname="tests.test_gamification_career.TestDashboardAdmin" name="test_get_users_list" time="0.040" /></testsuite></testsuites>